!SESSION 2019-03-09 10:40:46.473 -----------------------------------------------
eclipse.buildId=4.10.0.I20181206-0815
java.version=11.0.2
java.vendor=Oracle Corporation
BootLoader constants: OS=win32, ARCH=x86_64, WS=win32, NL=en_US
Framework arguments:  -product org.eclipse.epp.package.jee.product
Command-line arguments:  -os win32 -ws win32 -arch x86_64 -product org.eclipse.epp.package.jee.product

!ENTRY org.eclipse.jface.text 2 0 2019-03-09 10:42:53.536
!MESSAGE Duplicate template id: 'org.eclipse.wst.xslt.templates.xpath.boolean'

!ENTRY org.eclipse.core.net 4 0 2019-03-09 10:43:36.240
!MESSAGE WinHttp.GetProxyForUrl for pac failed with error 'The handle is invalid.
' #6.

!ENTRY org.eclipse.egit.ui 2 0 2019-03-09 10:43:37.582
!MESSAGE Warning: The environment variable HOME is not set. The following directory will be used to store the Git
user global configuration and to define the default location to store repositories: 'C:\Users\amitg13'. If this is
not correct please set the HOME environment variable and restart Eclipse. Otherwise Git for Windows and
EGit might behave differently since they see different configuration options.
This warning can be switched off on the Team > Git > Confirmations and Warnings preference page.

!ENTRY org.eclipse.jface.text 2 0 2019-03-09 10:58:05.799
!MESSAGE Duplicate template id: 'org.eclipse.wst.xslt.templates.xpath.boolean'
!SESSION 2019-03-09 13:17:11.587 -----------------------------------------------
eclipse.buildId=4.10.0.I20181206-0815
java.version=11.0.2
java.vendor=Oracle Corporation
BootLoader constants: OS=win32, ARCH=x86_64, WS=win32, NL=en_US
Framework arguments:  -product org.eclipse.epp.package.jee.product
Command-line arguments:  -data file:/D:/SeleniumGIT/ -os win32 -ws win32 -arch x86_64 -product org.eclipse.epp.package.jee.product

!ENTRY org.eclipse.jface.text 2 0 2019-03-09 13:17:29.249
!MESSAGE Duplicate template id: 'org.eclipse.wst.xslt.templates.xpath.boolean'

!ENTRY org.eclipse.egit.ui 2 0 2019-03-09 13:17:34.149
!MESSAGE Warning: The environment variable HOME is not set. The following directory will be used to store the Git
user global configuration and to define the default location to store repositories: 'C:\Users\amitg13'. If this is
not correct please set the HOME environment variable and restart Eclipse. Otherwise Git for Windows and
EGit might behave differently since they see different configuration options.
This warning can be switched off on the Team > Git > Confirmations and Warnings preference page.

!ENTRY org.eclipse.core.net 4 0 2019-03-09 13:17:39.312
!MESSAGE WinHttp.GetProxyForUrl for pac failed with error 'The handle is invalid.
' #6.

!ENTRY org.eclipse.jface.text 2 0 2019-03-09 13:40:04.647
!MESSAGE Duplicate template id: 'org.eclipse.wst.xslt.templates.xpath.boolean'

!ENTRY org.testng.eclipse 1 0 2019-03-09 13:45:42.575
!MESSAGE [TestNGLaunchConfigurationDelegate] Launching:
  Classpath: D:\Softwares\eclipse-jee-2018-12-R-win32-x86_64\eclipse\configuration\org.eclipse.osgi\956\0\.cp\lib\testng-remote.jar D:\SeleniumGIT\seleniumTesting\bin D:\Softwares\selenium-java-3.141.59\client-combined-3.141.59.jar D:\Softwares\selenium-java-3.141.59\client-combined-3.141.59-sources.jar D:\Softwares\selenium-java-3.141.59\libs\byte-buddy-1.8.15.jar D:\Softwares\selenium-java-3.141.59\libs\commons-exec-1.3.jar D:\Softwares\selenium-java-3.141.59\libs\guava-25.0-jre.jar D:\Softwares\selenium-java-3.141.59\libs\okhttp-3.11.0.jar D:\Softwares\selenium-java-3.141.59\libs\okio-1.14.0.jar D:\Softwares\eclipse-jee-2018-12-R-win32-x86_64\eclipse\plugins\org.testng_6.14.3.r201802240500.jar D:\Softwares\eclipse-jee-2018-12-R-win32-x86_64\eclipse\plugins\com.beust.jcommander_1.72.0.jar D:\Softwares\eclipse-jee-2018-12-R-win32-x86_64\eclipse\plugins\org.apache-extras.beanshell.bsh_2.0.0.b6.jar D:\Softwares\eclipse-jee-2018-12-R-win32-x86_64\eclipse\plugins\org.yaml.snakeyaml_1.17.0.jar
  VMArgs:    -ea
  Class:     org.testng.remote.RemoteTestNG
  Args:      -serport 63285 -protocol json -d D:\SeleniumGIT\seleniumTesting\test-output C:\Users\amitg13\AppData\Local\Temp\testng-eclipse-1534432221\testng-customsuite.xml
java -ea -classpath D:\Softwares\eclipse-jee-2018-12-R-win32-x86_64\eclipse\configuration\org.eclipse.osgi\956\0\.cp\lib\testng-remote.jar:D:\SeleniumGIT\seleniumTesting\bin:D:\Softwares\selenium-java-3.141.59\client-combined-3.141.59.jar:D:\Softwares\selenium-java-3.141.59\client-combined-3.141.59-sources.jar:D:\Softwares\selenium-java-3.141.59\libs\byte-buddy-1.8.15.jar:D:\Softwares\selenium-java-3.141.59\libs\commons-exec-1.3.jar:D:\Softwares\selenium-java-3.141.59\libs\guava-25.0-jre.jar:D:\Softwares\selenium-java-3.141.59\libs\okhttp-3.11.0.jar:D:\Softwares\selenium-java-3.141.59\libs\okio-1.14.0.jar:D:\Softwares\eclipse-jee-2018-12-R-win32-x86_64\eclipse\plugins\org.testng_6.14.3.r201802240500.jar:D:\Softwares\eclipse-jee-2018-12-R-win32-x86_64\eclipse\plugins\com.beust.jcommander_1.72.0.jar:D:\Softwares\eclipse-jee-2018-12-R-win32-x86_64\eclipse\plugins\org.apache-extras.beanshell.bsh_2.0.0.b6.jar:D:\Softwares\eclipse-jee-2018-12-R-win32-x86_64\eclipse\plugins\org.yaml.snakeyaml_1.17.0.jar org.testng.remote.RemoteTestNG -serport 63285 -protocol json -d D:\SeleniumGIT\seleniumTesting\test-output C:\Users\amitg13\AppData\Local\Temp\testng-eclipse-1534432221\testng-customsuite.xml

!ENTRY org.testng.eclipse 1 0 2019-03-09 13:46:22.612
!MESSAGE [TestNGLaunchConfigurationDelegate] Launching:
  Classpath: D:\Softwares\eclipse-jee-2018-12-R-win32-x86_64\eclipse\configuration\org.eclipse.osgi\956\0\.cp\lib\testng-remote.jar D:\SeleniumGIT\seleniumTesting\bin D:\Softwares\selenium-java-3.141.59\client-combined-3.141.59.jar D:\Softwares\selenium-java-3.141.59\client-combined-3.141.59-sources.jar D:\Softwares\selenium-java-3.141.59\libs\byte-buddy-1.8.15.jar D:\Softwares\selenium-java-3.141.59\libs\commons-exec-1.3.jar D:\Softwares\selenium-java-3.141.59\libs\guava-25.0-jre.jar D:\Softwares\selenium-java-3.141.59\libs\okhttp-3.11.0.jar D:\Softwares\selenium-java-3.141.59\libs\okio-1.14.0.jar D:\Softwares\eclipse-jee-2018-12-R-win32-x86_64\eclipse\plugins\org.testng_6.14.3.r201802240500.jar D:\Softwares\eclipse-jee-2018-12-R-win32-x86_64\eclipse\plugins\com.beust.jcommander_1.72.0.jar D:\Softwares\eclipse-jee-2018-12-R-win32-x86_64\eclipse\plugins\org.apache-extras.beanshell.bsh_2.0.0.b6.jar D:\Softwares\eclipse-jee-2018-12-R-win32-x86_64\eclipse\plugins\org.yaml.snakeyaml_1.17.0.jar
  VMArgs:    -ea
  Class:     org.testng.remote.RemoteTestNG
  Args:      -serport 63386 -protocol json -d D:\SeleniumGIT\seleniumTesting\test-output C:\Users\amitg13\AppData\Local\Temp\testng-eclipse-1985235338\testng-customsuite.xml
java -ea -classpath D:\Softwares\eclipse-jee-2018-12-R-win32-x86_64\eclipse\configuration\org.eclipse.osgi\956\0\.cp\lib\testng-remote.jar:D:\SeleniumGIT\seleniumTesting\bin:D:\Softwares\selenium-java-3.141.59\client-combined-3.141.59.jar:D:\Softwares\selenium-java-3.141.59\client-combined-3.141.59-sources.jar:D:\Softwares\selenium-java-3.141.59\libs\byte-buddy-1.8.15.jar:D:\Softwares\selenium-java-3.141.59\libs\commons-exec-1.3.jar:D:\Softwares\selenium-java-3.141.59\libs\guava-25.0-jre.jar:D:\Softwares\selenium-java-3.141.59\libs\okhttp-3.11.0.jar:D:\Softwares\selenium-java-3.141.59\libs\okio-1.14.0.jar:D:\Softwares\eclipse-jee-2018-12-R-win32-x86_64\eclipse\plugins\org.testng_6.14.3.r201802240500.jar:D:\Softwares\eclipse-jee-2018-12-R-win32-x86_64\eclipse\plugins\com.beust.jcommander_1.72.0.jar:D:\Softwares\eclipse-jee-2018-12-R-win32-x86_64\eclipse\plugins\org.apache-extras.beanshell.bsh_2.0.0.b6.jar:D:\Softwares\eclipse-jee-2018-12-R-win32-x86_64\eclipse\plugins\org.yaml.snakeyaml_1.17.0.jar org.testng.remote.RemoteTestNG -serport 63386 -protocol json -d D:\SeleniumGIT\seleniumTesting\test-output C:\Users\amitg13\AppData\Local\Temp\testng-eclipse-1985235338\testng-customsuite.xml

!ENTRY org.testng.eclipse 1 0 2019-03-09 14:05:48.195
!MESSAGE [TestNGLaunchConfigurationDelegate] Launching:
  Classpath: D:\Softwares\eclipse-jee-2018-12-R-win32-x86_64\eclipse\configuration\org.eclipse.osgi\956\0\.cp\lib\testng-remote.jar D:\SeleniumGIT\seleniumTesting\bin D:\Softwares\selenium-java-3.141.59\client-combined-3.141.59.jar D:\Softwares\selenium-java-3.141.59\client-combined-3.141.59-sources.jar D:\Softwares\selenium-java-3.141.59\libs\byte-buddy-1.8.15.jar D:\Softwares\selenium-java-3.141.59\libs\commons-exec-1.3.jar D:\Softwares\selenium-java-3.141.59\libs\guava-25.0-jre.jar D:\Softwares\selenium-java-3.141.59\libs\okhttp-3.11.0.jar D:\Softwares\selenium-java-3.141.59\libs\okio-1.14.0.jar D:\Softwares\eclipse-jee-2018-12-R-win32-x86_64\eclipse\plugins\org.testng_6.14.3.r201802240500.jar D:\Softwares\eclipse-jee-2018-12-R-win32-x86_64\eclipse\plugins\com.beust.jcommander_1.72.0.jar D:\Softwares\eclipse-jee-2018-12-R-win32-x86_64\eclipse\plugins\org.apache-extras.beanshell.bsh_2.0.0.b6.jar D:\Softwares\eclipse-jee-2018-12-R-win32-x86_64\eclipse\plugins\org.yaml.snakeyaml_1.17.0.jar
  VMArgs:    -ea
  Class:     org.testng.remote.RemoteTestNG
  Args:      -serport 64674 -protocol json -d D:\SeleniumGIT\seleniumTesting\test-output C:\Users\amitg13\AppData\Local\Temp\testng-eclipse--665465111\testng-customsuite.xml
java -ea -classpath D:\Softwares\eclipse-jee-2018-12-R-win32-x86_64\eclipse\configuration\org.eclipse.osgi\956\0\.cp\lib\testng-remote.jar:D:\SeleniumGIT\seleniumTesting\bin:D:\Softwares\selenium-java-3.141.59\client-combined-3.141.59.jar:D:\Softwares\selenium-java-3.141.59\client-combined-3.141.59-sources.jar:D:\Softwares\selenium-java-3.141.59\libs\byte-buddy-1.8.15.jar:D:\Softwares\selenium-java-3.141.59\libs\commons-exec-1.3.jar:D:\Softwares\selenium-java-3.141.59\libs\guava-25.0-jre.jar:D:\Softwares\selenium-java-3.141.59\libs\okhttp-3.11.0.jar:D:\Softwares\selenium-java-3.141.59\libs\okio-1.14.0.jar:D:\Softwares\eclipse-jee-2018-12-R-win32-x86_64\eclipse\plugins\org.testng_6.14.3.r201802240500.jar:D:\Softwares\eclipse-jee-2018-12-R-win32-x86_64\eclipse\plugins\com.beust.jcommander_1.72.0.jar:D:\Softwares\eclipse-jee-2018-12-R-win32-x86_64\eclipse\plugins\org.apache-extras.beanshell.bsh_2.0.0.b6.jar:D:\Softwares\eclipse-jee-2018-12-R-win32-x86_64\eclipse\plugins\org.yaml.snakeyaml_1.17.0.jar org.testng.remote.RemoteTestNG -serport 64674 -protocol json -d D:\SeleniumGIT\seleniumTesting\test-output C:\Users\amitg13\AppData\Local\Temp\testng-eclipse--665465111\testng-customsuite.xml

!ENTRY org.testng.eclipse 1 0 2019-03-09 14:12:47.222
!MESSAGE [TestNGLaunchConfigurationDelegate] Launching:
  Classpath: D:\Softwares\eclipse-jee-2018-12-R-win32-x86_64\eclipse\configuration\org.eclipse.osgi\956\0\.cp\lib\testng-remote.jar D:\SeleniumGIT\seleniumTesting\bin D:\Softwares\selenium-java-3.141.59\client-combined-3.141.59.jar D:\Softwares\selenium-java-3.141.59\client-combined-3.141.59-sources.jar D:\Softwares\selenium-java-3.141.59\libs\byte-buddy-1.8.15.jar D:\Softwares\selenium-java-3.141.59\libs\commons-exec-1.3.jar D:\Softwares\selenium-java-3.141.59\libs\guava-25.0-jre.jar D:\Softwares\selenium-java-3.141.59\libs\okhttp-3.11.0.jar D:\Softwares\selenium-java-3.141.59\libs\okio-1.14.0.jar D:\Softwares\eclipse-jee-2018-12-R-win32-x86_64\eclipse\plugins\org.testng_6.14.3.r201802240500.jar D:\Softwares\eclipse-jee-2018-12-R-win32-x86_64\eclipse\plugins\com.beust.jcommander_1.72.0.jar D:\Softwares\eclipse-jee-2018-12-R-win32-x86_64\eclipse\plugins\org.apache-extras.beanshell.bsh_2.0.0.b6.jar D:\Softwares\eclipse-jee-2018-12-R-win32-x86_64\eclipse\plugins\org.yaml.snakeyaml_1.17.0.jar
  VMArgs:    -ea
  Class:     org.testng.remote.RemoteTestNG
  Args:      -serport 65156 -protocol json -d D:\SeleniumGIT\seleniumTesting\test-output C:\Users\amitg13\AppData\Local\Temp\testng-eclipse--799912688\testng-customsuite.xml
java -ea -classpath D:\Softwares\eclipse-jee-2018-12-R-win32-x86_64\eclipse\configuration\org.eclipse.osgi\956\0\.cp\lib\testng-remote.jar:D:\SeleniumGIT\seleniumTesting\bin:D:\Softwares\selenium-java-3.141.59\client-combined-3.141.59.jar:D:\Softwares\selenium-java-3.141.59\client-combined-3.141.59-sources.jar:D:\Softwares\selenium-java-3.141.59\libs\byte-buddy-1.8.15.jar:D:\Softwares\selenium-java-3.141.59\libs\commons-exec-1.3.jar:D:\Softwares\selenium-java-3.141.59\libs\guava-25.0-jre.jar:D:\Softwares\selenium-java-3.141.59\libs\okhttp-3.11.0.jar:D:\Softwares\selenium-java-3.141.59\libs\okio-1.14.0.jar:D:\Softwares\eclipse-jee-2018-12-R-win32-x86_64\eclipse\plugins\org.testng_6.14.3.r201802240500.jar:D:\Softwares\eclipse-jee-2018-12-R-win32-x86_64\eclipse\plugins\com.beust.jcommander_1.72.0.jar:D:\Softwares\eclipse-jee-2018-12-R-win32-x86_64\eclipse\plugins\org.apache-extras.beanshell.bsh_2.0.0.b6.jar:D:\Softwares\eclipse-jee-2018-12-R-win32-x86_64\eclipse\plugins\org.yaml.snakeyaml_1.17.0.jar org.testng.remote.RemoteTestNG -serport 65156 -protocol json -d D:\SeleniumGIT\seleniumTesting\test-output C:\Users\amitg13\AppData\Local\Temp\testng-eclipse--799912688\testng-customsuite.xml

!ENTRY org.testng.eclipse 1 0 2019-03-09 14:14:26.794
!MESSAGE [TestNGLaunchConfigurationDelegate] Launching:
  Classpath: D:\Softwares\eclipse-jee-2018-12-R-win32-x86_64\eclipse\configuration\org.eclipse.osgi\956\0\.cp\lib\testng-remote.jar D:\SeleniumGIT\seleniumTesting\bin D:\Softwares\selenium-java-3.141.59\client-combined-3.141.59.jar D:\Softwares\selenium-java-3.141.59\client-combined-3.141.59-sources.jar D:\Softwares\selenium-java-3.141.59\libs\byte-buddy-1.8.15.jar D:\Softwares\selenium-java-3.141.59\libs\commons-exec-1.3.jar D:\Softwares\selenium-java-3.141.59\libs\guava-25.0-jre.jar D:\Softwares\selenium-java-3.141.59\libs\okhttp-3.11.0.jar D:\Softwares\selenium-java-3.141.59\libs\okio-1.14.0.jar D:\Softwares\eclipse-jee-2018-12-R-win32-x86_64\eclipse\plugins\org.testng_6.14.3.r201802240500.jar D:\Softwares\eclipse-jee-2018-12-R-win32-x86_64\eclipse\plugins\com.beust.jcommander_1.72.0.jar D:\Softwares\eclipse-jee-2018-12-R-win32-x86_64\eclipse\plugins\org.apache-extras.beanshell.bsh_2.0.0.b6.jar D:\Softwares\eclipse-jee-2018-12-R-win32-x86_64\eclipse\plugins\org.yaml.snakeyaml_1.17.0.jar
  VMArgs:    -ea
  Class:     org.testng.remote.RemoteTestNG
  Args:      -serport 65282 -protocol json -d D:\SeleniumGIT\seleniumTesting\test-output C:\Users\amitg13\AppData\Local\Temp\testng-eclipse--196672385\testng-customsuite.xml
java -ea -classpath D:\Softwares\eclipse-jee-2018-12-R-win32-x86_64\eclipse\configuration\org.eclipse.osgi\956\0\.cp\lib\testng-remote.jar:D:\SeleniumGIT\seleniumTesting\bin:D:\Softwares\selenium-java-3.141.59\client-combined-3.141.59.jar:D:\Softwares\selenium-java-3.141.59\client-combined-3.141.59-sources.jar:D:\Softwares\selenium-java-3.141.59\libs\byte-buddy-1.8.15.jar:D:\Softwares\selenium-java-3.141.59\libs\commons-exec-1.3.jar:D:\Softwares\selenium-java-3.141.59\libs\guava-25.0-jre.jar:D:\Softwares\selenium-java-3.141.59\libs\okhttp-3.11.0.jar:D:\Softwares\selenium-java-3.141.59\libs\okio-1.14.0.jar:D:\Softwares\eclipse-jee-2018-12-R-win32-x86_64\eclipse\plugins\org.testng_6.14.3.r201802240500.jar:D:\Softwares\eclipse-jee-2018-12-R-win32-x86_64\eclipse\plugins\com.beust.jcommander_1.72.0.jar:D:\Softwares\eclipse-jee-2018-12-R-win32-x86_64\eclipse\plugins\org.apache-extras.beanshell.bsh_2.0.0.b6.jar:D:\Softwares\eclipse-jee-2018-12-R-win32-x86_64\eclipse\plugins\org.yaml.snakeyaml_1.17.0.jar org.testng.remote.RemoteTestNG -serport 65282 -protocol json -d D:\SeleniumGIT\seleniumTesting\test-output C:\Users\amitg13\AppData\Local\Temp\testng-eclipse--196672385\testng-customsuite.xml

!ENTRY org.eclipse.jface.text 2 0 2019-03-09 14:27:04.402
!MESSAGE Duplicate template id: 'org.eclipse.wst.xslt.templates.xpath.boolean'

!ENTRY org.testng.eclipse 1 0 2019-03-09 14:32:53.485
!MESSAGE [TestNGLaunchConfigurationDelegate] Launching:
  Classpath: D:\Softwares\eclipse-jee-2018-12-R-win32-x86_64\eclipse\configuration\org.eclipse.osgi\956\0\.cp\lib\testng-remote.jar D:\SeleniumGIT\seleniumTesting\bin D:\Softwares\selenium-java-3.141.59\client-combined-3.141.59.jar D:\Softwares\selenium-java-3.141.59\client-combined-3.141.59-sources.jar D:\Softwares\selenium-java-3.141.59\libs\byte-buddy-1.8.15.jar D:\Softwares\selenium-java-3.141.59\libs\commons-exec-1.3.jar D:\Softwares\selenium-java-3.141.59\libs\guava-25.0-jre.jar D:\Softwares\selenium-java-3.141.59\libs\okhttp-3.11.0.jar D:\Softwares\selenium-java-3.141.59\libs\okio-1.14.0.jar D:\Softwares\eclipse-jee-2018-12-R-win32-x86_64\eclipse\plugins\org.testng_6.14.3.r201802240500.jar D:\Softwares\eclipse-jee-2018-12-R-win32-x86_64\eclipse\plugins\com.beust.jcommander_1.72.0.jar D:\Softwares\eclipse-jee-2018-12-R-win32-x86_64\eclipse\plugins\org.apache-extras.beanshell.bsh_2.0.0.b6.jar D:\Softwares\eclipse-jee-2018-12-R-win32-x86_64\eclipse\plugins\org.yaml.snakeyaml_1.17.0.jar
  VMArgs:    -ea
  Class:     org.testng.remote.RemoteTestNG
  Args:      -serport 50040 -protocol json -d D:\SeleniumGIT\seleniumTesting\test-output D:\SeleniumGIT\seleniumTesting\testng.xml
java -ea -classpath D:\Softwares\eclipse-jee-2018-12-R-win32-x86_64\eclipse\configuration\org.eclipse.osgi\956\0\.cp\lib\testng-remote.jar:D:\SeleniumGIT\seleniumTesting\bin:D:\Softwares\selenium-java-3.141.59\client-combined-3.141.59.jar:D:\Softwares\selenium-java-3.141.59\client-combined-3.141.59-sources.jar:D:\Softwares\selenium-java-3.141.59\libs\byte-buddy-1.8.15.jar:D:\Softwares\selenium-java-3.141.59\libs\commons-exec-1.3.jar:D:\Softwares\selenium-java-3.141.59\libs\guava-25.0-jre.jar:D:\Softwares\selenium-java-3.141.59\libs\okhttp-3.11.0.jar:D:\Softwares\selenium-java-3.141.59\libs\okio-1.14.0.jar:D:\Softwares\eclipse-jee-2018-12-R-win32-x86_64\eclipse\plugins\org.testng_6.14.3.r201802240500.jar:D:\Softwares\eclipse-jee-2018-12-R-win32-x86_64\eclipse\plugins\com.beust.jcommander_1.72.0.jar:D:\Softwares\eclipse-jee-2018-12-R-win32-x86_64\eclipse\plugins\org.apache-extras.beanshell.bsh_2.0.0.b6.jar:D:\Softwares\eclipse-jee-2018-12-R-win32-x86_64\eclipse\plugins\org.yaml.snakeyaml_1.17.0.jar org.testng.remote.RemoteTestNG -serport 50040 -protocol json -d D:\SeleniumGIT\seleniumTesting\test-output D:\SeleniumGIT\seleniumTesting\testng.xml

!ENTRY org.testng.eclipse 1 0 2019-03-09 14:34:06.326
!MESSAGE [TestNGLaunchConfigurationDelegate] Launching:
  Classpath: D:\Softwares\eclipse-jee-2018-12-R-win32-x86_64\eclipse\configuration\org.eclipse.osgi\956\0\.cp\lib\testng-remote.jar D:\SeleniumGIT\seleniumTesting\bin D:\Softwares\selenium-java-3.141.59\client-combined-3.141.59.jar D:\Softwares\selenium-java-3.141.59\client-combined-3.141.59-sources.jar D:\Softwares\selenium-java-3.141.59\libs\byte-buddy-1.8.15.jar D:\Softwares\selenium-java-3.141.59\libs\commons-exec-1.3.jar D:\Softwares\selenium-java-3.141.59\libs\guava-25.0-jre.jar D:\Softwares\selenium-java-3.141.59\libs\okhttp-3.11.0.jar D:\Softwares\selenium-java-3.141.59\libs\okio-1.14.0.jar D:\Softwares\eclipse-jee-2018-12-R-win32-x86_64\eclipse\plugins\org.testng_6.14.3.r201802240500.jar D:\Softwares\eclipse-jee-2018-12-R-win32-x86_64\eclipse\plugins\com.beust.jcommander_1.72.0.jar D:\Softwares\eclipse-jee-2018-12-R-win32-x86_64\eclipse\plugins\org.apache-extras.beanshell.bsh_2.0.0.b6.jar D:\Softwares\eclipse-jee-2018-12-R-win32-x86_64\eclipse\plugins\org.yaml.snakeyaml_1.17.0.jar
  VMArgs:    -ea
  Class:     org.testng.remote.RemoteTestNG
  Args:      -serport 50193 -protocol json -d D:\SeleniumGIT\seleniumTesting\test-output D:\SeleniumGIT\seleniumTesting\testng.xml
java -ea -classpath D:\Softwares\eclipse-jee-2018-12-R-win32-x86_64\eclipse\configuration\org.eclipse.osgi\956\0\.cp\lib\testng-remote.jar:D:\SeleniumGIT\seleniumTesting\bin:D:\Softwares\selenium-java-3.141.59\client-combined-3.141.59.jar:D:\Softwares\selenium-java-3.141.59\client-combined-3.141.59-sources.jar:D:\Softwares\selenium-java-3.141.59\libs\byte-buddy-1.8.15.jar:D:\Softwares\selenium-java-3.141.59\libs\commons-exec-1.3.jar:D:\Softwares\selenium-java-3.141.59\libs\guava-25.0-jre.jar:D:\Softwares\selenium-java-3.141.59\libs\okhttp-3.11.0.jar:D:\Softwares\selenium-java-3.141.59\libs\okio-1.14.0.jar:D:\Softwares\eclipse-jee-2018-12-R-win32-x86_64\eclipse\plugins\org.testng_6.14.3.r201802240500.jar:D:\Softwares\eclipse-jee-2018-12-R-win32-x86_64\eclipse\plugins\com.beust.jcommander_1.72.0.jar:D:\Softwares\eclipse-jee-2018-12-R-win32-x86_64\eclipse\plugins\org.apache-extras.beanshell.bsh_2.0.0.b6.jar:D:\Softwares\eclipse-jee-2018-12-R-win32-x86_64\eclipse\plugins\org.yaml.snakeyaml_1.17.0.jar org.testng.remote.RemoteTestNG -serport 50193 -protocol json -d D:\SeleniumGIT\seleniumTesting\test-output D:\SeleniumGIT\seleniumTesting\testng.xml

!ENTRY org.eclipse.m2e.logback.appender 2 0 2019-03-09 14:47:56.782
!MESSAGE Using platform encoding (Cp1252 actually) to copy filtered resources, i.e. build is platform dependent!

!ENTRY org.eclipse.m2e.logback.appender 2 0 2019-03-09 14:47:56.794
!MESSAGE Using platform encoding (Cp1252 actually) to copy filtered resources, i.e. build is platform dependent!

!ENTRY org.eclipse.m2e.logback.appender 4 0 2019-03-09 14:53:36.199
!MESSAGE Could not download sources for org.beanshell:bsh:2.0b4
!STACK 1
org.eclipse.core.runtime.CoreException: Could not resolve artifact org.beanshell:bsh:jar:sources:2.0b4
	at org.eclipse.m2e.core.internal.embedder.MavenImpl.lambda$4(MavenImpl.java:763)
	at org.eclipse.m2e.core.internal.embedder.MavenExecutionContext.executeBare(MavenExecutionContext.java:177)
	at org.eclipse.m2e.core.internal.embedder.MavenExecutionContext.execute(MavenExecutionContext.java:112)
	at org.eclipse.m2e.core.internal.embedder.MavenExecutionContext.execute(MavenExecutionContext.java:99)
	at org.eclipse.m2e.core.internal.embedder.MavenImpl.resolve(MavenImpl.java:731)
	at org.eclipse.m2e.core.internal.embedder.MavenImpl.resolve(MavenImpl.java:708)
	at org.eclipse.m2e.jdt.internal.DownloadSourcesJob.download(DownloadSourcesJob.java:279)
	at org.eclipse.m2e.jdt.internal.DownloadSourcesJob.downloadAttachments(DownloadSourcesJob.java:254)
	at org.eclipse.m2e.jdt.internal.DownloadSourcesJob.downloadMaven(DownloadSourcesJob.java:221)
	at org.eclipse.m2e.jdt.internal.DownloadSourcesJob.run(DownloadSourcesJob.java:161)
	at org.eclipse.m2e.jdt.internal.DownloadSourcesJob$1.call(DownloadSourcesJob.java:137)
	at org.eclipse.m2e.jdt.internal.DownloadSourcesJob$1.call(DownloadSourcesJob.java:1)
	at org.eclipse.m2e.core.internal.embedder.MavenExecutionContext.executeBare(MavenExecutionContext.java:177)
	at org.eclipse.m2e.core.internal.embedder.MavenExecutionContext.execute(MavenExecutionContext.java:151)
	at org.eclipse.m2e.core.internal.embedder.MavenExecutionContext.execute(MavenExecutionContext.java:99)
	at org.eclipse.m2e.core.internal.embedder.MavenImpl.execute(MavenImpl.java:1336)
	at org.eclipse.m2e.jdt.internal.DownloadSourcesJob.run(DownloadSourcesJob.java:135)
	at org.eclipse.core.internal.jobs.Worker.run(Worker.java:63)
Contains: Missing org.beanshell:bsh:jar:sources:2.0b4
!SUBENTRY 1 org.eclipse.m2e.core 4 -1 2019-03-09 14:53:36.201
!MESSAGE Could not resolve artifact org.beanshell:bsh:jar:sources:2.0b4
!SUBENTRY 2 org.eclipse.m2e.core 4 -1 2019-03-09 14:53:36.201
!MESSAGE Missing org.beanshell:bsh:jar:sources:2.0b4

!ENTRY org.eclipse.m2e.logback.appender 4 0 2019-03-09 14:53:39.480
!MESSAGE Could not download javadoc for org.beanshell:bsh:2.0b4
!STACK 1
org.eclipse.core.runtime.CoreException: Could not resolve artifact org.beanshell:bsh:jar:javadoc:2.0b4
	at org.eclipse.m2e.core.internal.embedder.MavenImpl.lambda$4(MavenImpl.java:763)
	at org.eclipse.m2e.core.internal.embedder.MavenExecutionContext.executeBare(MavenExecutionContext.java:177)
	at org.eclipse.m2e.core.internal.embedder.MavenExecutionContext.execute(MavenExecutionContext.java:112)
	at org.eclipse.m2e.core.internal.embedder.MavenExecutionContext.execute(MavenExecutionContext.java:99)
	at org.eclipse.m2e.core.internal.embedder.MavenImpl.resolve(MavenImpl.java:731)
	at org.eclipse.m2e.core.internal.embedder.MavenImpl.resolve(MavenImpl.java:708)
	at org.eclipse.m2e.jdt.internal.DownloadSourcesJob.download(DownloadSourcesJob.java:279)
	at org.eclipse.m2e.jdt.internal.DownloadSourcesJob.downloadAttachments(DownloadSourcesJob.java:265)
	at org.eclipse.m2e.jdt.internal.DownloadSourcesJob.downloadMaven(DownloadSourcesJob.java:221)
	at org.eclipse.m2e.jdt.internal.DownloadSourcesJob.run(DownloadSourcesJob.java:161)
	at org.eclipse.m2e.jdt.internal.DownloadSourcesJob$1.call(DownloadSourcesJob.java:137)
	at org.eclipse.m2e.jdt.internal.DownloadSourcesJob$1.call(DownloadSourcesJob.java:1)
	at org.eclipse.m2e.core.internal.embedder.MavenExecutionContext.executeBare(MavenExecutionContext.java:177)
	at org.eclipse.m2e.core.internal.embedder.MavenExecutionContext.execute(MavenExecutionContext.java:151)
	at org.eclipse.m2e.core.internal.embedder.MavenExecutionContext.execute(MavenExecutionContext.java:99)
	at org.eclipse.m2e.core.internal.embedder.MavenImpl.execute(MavenImpl.java:1336)
	at org.eclipse.m2e.jdt.internal.DownloadSourcesJob.run(DownloadSourcesJob.java:135)
	at org.eclipse.core.internal.jobs.Worker.run(Worker.java:63)
Contains: Missing org.beanshell:bsh:jar:javadoc:2.0b4
!SUBENTRY 1 org.eclipse.m2e.core 4 -1 2019-03-09 14:53:39.481
!MESSAGE Could not resolve artifact org.beanshell:bsh:jar:javadoc:2.0b4
!SUBENTRY 2 org.eclipse.m2e.core 4 -1 2019-03-09 14:53:39.481
!MESSAGE Missing org.beanshell:bsh:jar:javadoc:2.0b4

!ENTRY org.eclipse.m2e.logback.appender 4 0 2019-03-09 14:57:54.928
!MESSAGE Could not download sources for org.seleniumhq.selenium:selenium-java:2.53.0
!STACK 1
org.eclipse.core.runtime.CoreException: Could not resolve artifact org.seleniumhq.selenium:selenium-java:jar:sources:2.53.0
	at org.eclipse.m2e.core.internal.embedder.MavenImpl.lambda$4(MavenImpl.java:763)
	at org.eclipse.m2e.core.internal.embedder.MavenExecutionContext.executeBare(MavenExecutionContext.java:177)
	at org.eclipse.m2e.core.internal.embedder.MavenExecutionContext.execute(MavenExecutionContext.java:112)
	at org.eclipse.m2e.core.internal.embedder.MavenExecutionContext.execute(MavenExecutionContext.java:99)
	at org.eclipse.m2e.core.internal.embedder.MavenImpl.resolve(MavenImpl.java:731)
	at org.eclipse.m2e.core.internal.embedder.MavenImpl.resolve(MavenImpl.java:708)
	at org.eclipse.m2e.jdt.internal.DownloadSourcesJob.download(DownloadSourcesJob.java:279)
	at org.eclipse.m2e.jdt.internal.DownloadSourcesJob.downloadAttachments(DownloadSourcesJob.java:254)
	at org.eclipse.m2e.jdt.internal.DownloadSourcesJob.downloadMaven(DownloadSourcesJob.java:221)
	at org.eclipse.m2e.jdt.internal.DownloadSourcesJob.run(DownloadSourcesJob.java:161)
	at org.eclipse.m2e.jdt.internal.DownloadSourcesJob$1.call(DownloadSourcesJob.java:137)
	at org.eclipse.m2e.jdt.internal.DownloadSourcesJob$1.call(DownloadSourcesJob.java:1)
	at org.eclipse.m2e.core.internal.embedder.MavenExecutionContext.executeBare(MavenExecutionContext.java:177)
	at org.eclipse.m2e.core.internal.embedder.MavenExecutionContext.execute(MavenExecutionContext.java:151)
	at org.eclipse.m2e.core.internal.embedder.MavenExecutionContext.execute(MavenExecutionContext.java:99)
	at org.eclipse.m2e.core.internal.embedder.MavenImpl.execute(MavenImpl.java:1336)
	at org.eclipse.m2e.jdt.internal.DownloadSourcesJob.run(DownloadSourcesJob.java:135)
	at org.eclipse.core.internal.jobs.Worker.run(Worker.java:63)
Contains: Missing org.seleniumhq.selenium:selenium-java:jar:sources:2.53.0
!SUBENTRY 1 org.eclipse.m2e.core 4 -1 2019-03-09 14:57:54.928
!MESSAGE Could not resolve artifact org.seleniumhq.selenium:selenium-java:jar:sources:2.53.0
!SUBENTRY 2 org.eclipse.m2e.core 4 -1 2019-03-09 14:57:54.928
!MESSAGE Missing org.seleniumhq.selenium:selenium-java:jar:sources:2.53.0

!ENTRY org.eclipse.m2e.logback.appender 4 0 2019-03-09 14:58:32.580
!MESSAGE Could not download javadoc for org.seleniumhq.selenium:selenium-java:2.53.0
!STACK 1
org.eclipse.core.runtime.CoreException: Could not resolve artifact org.seleniumhq.selenium:selenium-java:jar:javadoc:2.53.0
	at org.eclipse.m2e.core.internal.embedder.MavenImpl.lambda$4(MavenImpl.java:763)
	at org.eclipse.m2e.core.internal.embedder.MavenExecutionContext.executeBare(MavenExecutionContext.java:177)
	at org.eclipse.m2e.core.internal.embedder.MavenExecutionContext.execute(MavenExecutionContext.java:112)
	at org.eclipse.m2e.core.internal.embedder.MavenExecutionContext.execute(MavenExecutionContext.java:99)
	at org.eclipse.m2e.core.internal.embedder.MavenImpl.resolve(MavenImpl.java:731)
	at org.eclipse.m2e.core.internal.embedder.MavenImpl.resolve(MavenImpl.java:708)
	at org.eclipse.m2e.jdt.internal.DownloadSourcesJob.download(DownloadSourcesJob.java:279)
	at org.eclipse.m2e.jdt.internal.DownloadSourcesJob.downloadAttachments(DownloadSourcesJob.java:265)
	at org.eclipse.m2e.jdt.internal.DownloadSourcesJob.downloadMaven(DownloadSourcesJob.java:221)
	at org.eclipse.m2e.jdt.internal.DownloadSourcesJob.run(DownloadSourcesJob.java:161)
	at org.eclipse.m2e.jdt.internal.DownloadSourcesJob$1.call(DownloadSourcesJob.java:137)
	at org.eclipse.m2e.jdt.internal.DownloadSourcesJob$1.call(DownloadSourcesJob.java:1)
	at org.eclipse.m2e.core.internal.embedder.MavenExecutionContext.executeBare(MavenExecutionContext.java:177)
	at org.eclipse.m2e.core.internal.embedder.MavenExecutionContext.execute(MavenExecutionContext.java:151)
	at org.eclipse.m2e.core.internal.embedder.MavenExecutionContext.execute(MavenExecutionContext.java:99)
	at org.eclipse.m2e.core.internal.embedder.MavenImpl.execute(MavenImpl.java:1336)
	at org.eclipse.m2e.jdt.internal.DownloadSourcesJob.run(DownloadSourcesJob.java:135)
	at org.eclipse.core.internal.jobs.Worker.run(Worker.java:63)
Contains: Missing org.seleniumhq.selenium:selenium-java:jar:javadoc:2.53.0
!SUBENTRY 1 org.eclipse.m2e.core 4 -1 2019-03-09 14:58:32.580
!MESSAGE Could not resolve artifact org.seleniumhq.selenium:selenium-java:jar:javadoc:2.53.0
!SUBENTRY 2 org.eclipse.m2e.core 4 -1 2019-03-09 14:58:32.580
!MESSAGE Missing org.seleniumhq.selenium:selenium-java:jar:javadoc:2.53.0
